composure -t120 
version: 1.1.0
voices: 6
passes: 8
range: 24
tempo: 120
seed (random): 3594777047
key (random): 65
monophonic: no
chromatic: no
pass 1/8
  compose:  612 notes  1:45
  edit   :  360 notes  0:49
pass 2/8
  compose:  366 notes  0:51
  edit   :  468 notes  1:04
pass 3/8
  compose:  498 notes  1:08
  edit   :  540 notes  1:21
pass 4/8
  compose:  600 notes  1:31
  edit   :  684 notes  1:55
pass 5/8
  compose: 1002 notes  2:55
  edit   : 1152 notes  3:03
pass 6/8
  compose: 1152 notes  3:03
  edit   : 1440 notes  3:48
pass 7/8
  compose: 1440 notes  3:48
  edit   : 2268 notes  5:45
pass 8/8
  compose: 2268 notes  5:45
  edit   : 2124 notes  5:11
