composure -t80 -s1921296502 -orefuddle 
version: 1.1.0
voices: 6
passes: 8
range: 24
tempo: 80
seed : 1921296502
key (random): 63
monophonic: no
chromatic: no
pass 1/8
  compose:  372 notes  2:07
  edit   :  180 notes  1:10
pass 2/8
  compose:  366 notes  1:56
  edit   :  360 notes  1:45
pass 3/8
  compose:  432 notes  1:58
  edit   :  504 notes  2:06
pass 4/8
  compose:  564 notes  2:16
  edit   :  504 notes  2:15
pass 5/8
  compose:  510 notes  2:18
  edit   :  432 notes  1:42
pass 6/8
  compose:  444 notes  1:45
  edit   :  504 notes  1:48
pass 7/8
  compose:  846 notes  3:11
  edit   :  576 notes  2:03
pass 8/8
  compose:  672 notes  2:23
  edit   : 1044 notes  3:17
